[INFO  - 2019-02-01T09:32:37.390Z] GhostDriver - Main - running on port 17474
[INFO  - 2019-02-01T09:32:37.685Z] Session [50157920-2604-11e9-aa0b-c998deaa7475] - page.settings - {"XSSAuditingEnabled":false,"javascriptCanCloseWindows":true,"javascriptCanOpenWindows":true,"javascriptEnabled":true,"loadImages":true,"localToRemoteUrlAccessEnabled":false,"userAgent":"Mozilla/5.0 (Unknown; Linux i686) AppleWebKit/538.1 (KHTML, like Gecko) PhantomJS/2.1.1 Safari/538.1","webSecurityEnabled":true}
[INFO  - 2019-02-01T09:32:37.685Z] Session [50157920-2604-11e9-aa0b-c998deaa7475] - page.customHeaders:  - {}
[INFO  - 2019-02-01T09:32:37.686Z] Session [50157920-2604-11e9-aa0b-c998deaa7475] - Session.negotiatedCapabilities - {"browserName":"phantomjs","version":"2.1.1","driverName":"ghostdriver","driverVersion":"1.2.0","platform":"linux-unknown-32bit","javascriptEnabled":true,"takesScreenshot":true,"handlesAlerts":false,"databaseEnabled":false,"locationContextEnabled":false,"applicationCacheEnabled":false,"browserConnectionEnabled":false,"cssSelectorsEnabled":true,"webStorageEnabled":false,"rotatable":false,"acceptSslCerts":false,"nativeEvents":true,"proxy":{"proxyType":"direct"}}
[INFO  - 2019-02-01T09:32:37.686Z] SessionManagerReqHand - _postNewSessionCommand - New Session Created: 50157920-2604-11e9-aa0b-c998deaa7475
[INFO  - 2019-02-01T09:32:39.831Z] ShutdownReqHand - _handle - About to shutdown
[INFO  - 2019-02-01T09:32:40.019Z] GhostDriver - Main - running on port 18414
[INFO  - 2019-02-01T09:32:40.099Z] Session [5185aaf0-2604-11e9-9e9e-1d73d50690db] - page.settings - {"XSSAuditingEnabled":false,"javascriptCanCloseWindows":true,"javascriptCanOpenWindows":true,"javascriptEnabled":true,"loadImages":true,"localToRemoteUrlAccessEnabled":false,"userAgent":"Mozilla/5.0 (Unknown; Linux i686) AppleWebKit/538.1 (KHTML, like Gecko) PhantomJS/2.1.1 Safari/538.1","webSecurityEnabled":true}
[INFO  - 2019-02-01T09:32:40.099Z] Session [5185aaf0-2604-11e9-9e9e-1d73d50690db] - page.customHeaders:  - {}
[INFO  - 2019-02-01T09:32:40.099Z] Session [5185aaf0-2604-11e9-9e9e-1d73d50690db] - Session.negotiatedCapabilities - {"browserName":"phantomjs","version":"2.1.1","driverName":"ghostdriver","driverVersion":"1.2.0","platform":"linux-unknown-32bit","javascriptEnabled":true,"takesScreenshot":true,"handlesAlerts":false,"databaseEnabled":false,"locationContextEnabled":false,"applicationCacheEnabled":false,"browserConnectionEnabled":false,"cssSelectorsEnabled":true,"webStorageEnabled":false,"rotatable":false,"acceptSslCerts":false,"nativeEvents":true,"proxy":{"proxyType":"direct"}}
[INFO  - 2019-02-01T09:32:40.099Z] SessionManagerReqHand - _postNewSessionCommand - New Session Created: 5185aaf0-2604-11e9-9e9e-1d73d50690db
[INFO  - 2019-02-01T09:32:42.060Z] ShutdownReqHand - _handle - About to shutdown
[INFO  - 2019-02-01T09:32:42.227Z] GhostDriver - Main - running on port 7052
[INFO  - 2019-02-01T09:32:42.312Z] Session [52d75840-2604-11e9-84cb-7f6c99fe1e04] - page.settings - {"XSSAuditingEnabled":false,"javascriptCanCloseWindows":true,"javascriptCanOpenWindows":true,"javascriptEnabled":true,"loadImages":true,"localToRemoteUrlAccessEnabled":false,"userAgent":"Mozilla/5.0 (Unknown; Linux i686) AppleWebKit/538.1 (KHTML, like Gecko) PhantomJS/2.1.1 Safari/538.1","webSecurityEnabled":true}
[INFO  - 2019-02-01T09:32:42.312Z] Session [52d75840-2604-11e9-84cb-7f6c99fe1e04] - page.customHeaders:  - {}
[INFO  - 2019-02-01T09:32:42.312Z] Session [52d75840-2604-11e9-84cb-7f6c99fe1e04] - Session.negotiatedCapabilities - {"browserName":"phantomjs","version":"2.1.1","driverName":"ghostdriver","driverVersion":"1.2.0","platform":"linux-unknown-32bit","javascriptEnabled":true,"takesScreenshot":true,"handlesAlerts":false,"databaseEnabled":false,"locationContextEnabled":false,"applicationCacheEnabled":false,"browserConnectionEnabled":false,"cssSelectorsEnabled":true,"webStorageEnabled":false,"rotatable":false,"acceptSslCerts":false,"nativeEvents":true,"proxy":{"proxyType":"direct"}}
[INFO  - 2019-02-01T09:32:42.312Z] SessionManagerReqHand - _postNewSessionCommand - New Session Created: 52d75840-2604-11e9-84cb-7f6c99fe1e04
[INFO  - 2019-02-01T09:32:44.077Z] ShutdownReqHand - _handle - About to shutdown
[INFO  - 2019-02-01T09:32:44.179Z] GhostDriver - Main - running on port 21850
[INFO  - 2019-02-01T09:32:44.274Z] Session [5402b8e0-2604-11e9-b0c5-3bd2c5ea8f83] - page.settings - {"XSSAuditingEnabled":false,"javascriptCanCloseWindows":true,"javascriptCanOpenWindows":true,"javascriptEnabled":true,"loadImages":true,"localToRemoteUrlAccessEnabled":false,"userAgent":"Mozilla/5.0 (Unknown; Linux i686) AppleWebKit/538.1 (KHTML, like Gecko) PhantomJS/2.1.1 Safari/538.1","webSecurityEnabled":true}
[INFO  - 2019-02-01T09:32:44.274Z] Session [5402b8e0-2604-11e9-b0c5-3bd2c5ea8f83] - page.customHeaders:  - {}
[INFO  - 2019-02-01T09:32:44.274Z] Session [5402b8e0-2604-11e9-b0c5-3bd2c5ea8f83] - Session.negotiatedCapabilities - {"browserName":"phantomjs","version":"2.1.1","driverName":"ghostdriver","driverVersion":"1.2.0","platform":"linux-unknown-32bit","javascriptEnabled":true,"takesScreenshot":true,"handlesAlerts":false,"databaseEnabled":false,"locationContextEnabled":false,"applicationCacheEnabled":false,"browserConnectionEnabled":false,"cssSelectorsEnabled":true,"webStorageEnabled":false,"rotatable":false,"acceptSslCerts":false,"nativeEvents":true,"proxy":{"proxyType":"direct"}}
[INFO  - 2019-02-01T09:32:44.274Z] SessionManagerReqHand - _postNewSessionCommand - New Session Created: 5402b8e0-2604-11e9-b0c5-3bd2c5ea8f83
[INFO  - 2019-02-01T09:32:46.133Z] ShutdownReqHand - _handle - About to shutdown
[INFO  - 2019-02-01T09:33:25.469Z] GhostDriver - Main - running on port 8538
[INFO  - 2019-02-01T09:33:25.730Z] Session [6cb88ef0-2604-11e9-8c0a-1bacbb9dbd6e] - page.settings - {"XSSAuditingEnabled":false,"javascriptCanCloseWindows":true,"javascriptCanOpenWindows":true,"javascriptEnabled":true,"loadImages":true,"localToRemoteUrlAccessEnabled":false,"userAgent":"Mozilla/5.0 (Unknown; Linux i686) AppleWebKit/538.1 (KHTML, like Gecko) PhantomJS/2.1.1 Safari/538.1","webSecurityEnabled":true}
[INFO  - 2019-02-01T09:33:25.730Z] Session [6cb88ef0-2604-11e9-8c0a-1bacbb9dbd6e] - page.customHeaders:  - {}
[INFO  - 2019-02-01T09:33:25.740Z] Session [6cb88ef0-2604-11e9-8c0a-1bacbb9dbd6e] - Session.negotiatedCapabilities - {"browserName":"phantomjs","version":"2.1.1","driverName":"ghostdriver","driverVersion":"1.2.0","platform":"linux-unknown-32bit","javascriptEnabled":true,"takesScreenshot":true,"handlesAlerts":false,"databaseEnabled":false,"locationContextEnabled":false,"applicationCacheEnabled":false,"browserConnectionEnabled":false,"cssSelectorsEnabled":true,"webStorageEnabled":false,"rotatable":false,"acceptSslCerts":false,"nativeEvents":true,"proxy":{"proxyType":"direct"}}
[INFO  - 2019-02-01T09:33:25.740Z] SessionManagerReqHand - _postNewSessionCommand - New Session Created: 6cb88ef0-2604-11e9-8c0a-1bacbb9dbd6e
[INFO  - 2019-02-01T09:33:27.815Z] ShutdownReqHand - _handle - About to shutdown
[INFO  - 2019-02-01T09:33:27.997Z] GhostDriver - Main - running on port 8259
[INFO  - 2019-02-01T09:33:28.073Z] Session [6e1deb50-2604-11e9-98c7-8550a95fcd1d] - page.settings - {"XSSAuditingEnabled":false,"javascriptCanCloseWindows":true,"javascriptCanOpenWindows":true,"javascriptEnabled":true,"loadImages":true,"localToRemoteUrlAccessEnabled":false,"userAgent":"Mozilla/5.0 (Unknown; Linux i686) AppleWebKit/538.1 (KHTML, like Gecko) PhantomJS/2.1.1 Safari/538.1","webSecurityEnabled":true}
[INFO  - 2019-02-01T09:33:28.073Z] Session [6e1deb50-2604-11e9-98c7-8550a95fcd1d] - page.customHeaders:  - {}
[INFO  - 2019-02-01T09:33:28.073Z] Session [6e1deb50-2604-11e9-98c7-8550a95fcd1d] - Session.negotiatedCapabilities - {"browserName":"phantomjs","version":"2.1.1","driverName":"ghostdriver","driverVersion":"1.2.0","platform":"linux-unknown-32bit","javascriptEnabled":true,"takesScreenshot":true,"handlesAlerts":false,"databaseEnabled":false,"locationContextEnabled":false,"applicationCacheEnabled":false,"browserConnectionEnabled":false,"cssSelectorsEnabled":true,"webStorageEnabled":false,"rotatable":false,"acceptSslCerts":false,"nativeEvents":true,"proxy":{"proxyType":"direct"}}
[INFO  - 2019-02-01T09:33:28.073Z] SessionManagerReqHand - _postNewSessionCommand - New Session Created: 6e1deb50-2604-11e9-98c7-8550a95fcd1d
[INFO  - 2019-02-01T09:33:30.050Z] ShutdownReqHand - _handle - About to shutdown
[INFO  - 2019-02-01T09:33:30.211Z] GhostDriver - Main - running on port 24426
[INFO  - 2019-02-01T09:33:30.297Z] Session [6f714650-2604-11e9-a071-e5774f693b0a] - page.settings - {"XSSAuditingEnabled":false,"javascriptCanCloseWindows":true,"javascriptCanOpenWindows":true,"javascriptEnabled":true,"loadImages":true,"localToRemoteUrlAccessEnabled":false,"userAgent":"Mozilla/5.0 (Unknown; Linux i686) AppleWebKit/538.1 (KHTML, like Gecko) PhantomJS/2.1.1 Safari/538.1","webSecurityEnabled":true}
[INFO  - 2019-02-01T09:33:30.297Z] Session [6f714650-2604-11e9-a071-e5774f693b0a] - page.customHeaders:  - {}
[INFO  - 2019-02-01T09:33:30.298Z] Session [6f714650-2604-11e9-a071-e5774f693b0a] - Session.negotiatedCapabilities - {"browserName":"phantomjs","version":"2.1.1","driverName":"ghostdriver","driverVersion":"1.2.0","platform":"linux-unknown-32bit","javascriptEnabled":true,"takesScreenshot":true,"handlesAlerts":false,"databaseEnabled":false,"locationContextEnabled":false,"applicationCacheEnabled":false,"browserConnectionEnabled":false,"cssSelectorsEnabled":true,"webStorageEnabled":false,"rotatable":false,"acceptSslCerts":false,"nativeEvents":true,"proxy":{"proxyType":"direct"}}
[INFO  - 2019-02-01T09:33:30.298Z] SessionManagerReqHand - _postNewSessionCommand - New Session Created: 6f714650-2604-11e9-a071-e5774f693b0a
[INFO  - 2019-02-01T09:33:32.225Z] ShutdownReqHand - _handle - About to shutdown
[INFO  - 2019-02-01T09:33:32.335Z] GhostDriver - Main - running on port 1043
[INFO  - 2019-02-01T09:33:32.424Z] Session [70b5d440-2604-11e9-9e47-352aefbf732a] - page.settings - {"XSSAuditingEnabled":false,"javascriptCanCloseWindows":true,"javascriptCanOpenWindows":true,"javascriptEnabled":true,"loadImages":true,"localToRemoteUrlAccessEnabled":false,"userAgent":"Mozilla/5.0 (Unknown; Linux i686) AppleWebKit/538.1 (KHTML, like Gecko) PhantomJS/2.1.1 Safari/538.1","webSecurityEnabled":true}
[INFO  - 2019-02-01T09:33:32.424Z] Session [70b5d440-2604-11e9-9e47-352aefbf732a] - page.customHeaders:  - {}
[INFO  - 2019-02-01T09:33:32.424Z] Session [70b5d440-2604-11e9-9e47-352aefbf732a] - Session.negotiatedCapabilities - {"browserName":"phantomjs","version":"2.1.1","driverName":"ghostdriver","driverVersion":"1.2.0","platform":"linux-unknown-32bit","javascriptEnabled":true,"takesScreenshot":true,"handlesAlerts":false,"databaseEnabled":false,"locationContextEnabled":false,"applicationCacheEnabled":false,"browserConnectionEnabled":false,"cssSelectorsEnabled":true,"webStorageEnabled":false,"rotatable":false,"acceptSslCerts":false,"nativeEvents":true,"proxy":{"proxyType":"direct"}}
[INFO  - 2019-02-01T09:33:32.424Z] SessionManagerReqHand - _postNewSessionCommand - New Session Created: 70b5d440-2604-11e9-9e47-352aefbf732a
[INFO  - 2019-02-01T09:33:34.595Z] ShutdownReqHand - _handle - About to shutdown
[INFO  - 2019-02-01T09:46:57.098Z] GhostDriver - Main - running on port 21365
[INFO  - 2019-02-01T09:46:57.363Z] Session [507d9ee0-2606-11e9-86ce-6bb735c26882] - page.settings - {"XSSAuditingEnabled":false,"javascriptCanCloseWindows":true,"javascriptCanOpenWindows":true,"javascriptEnabled":true,"loadImages":true,"localToRemoteUrlAccessEnabled":false,"userAgent":"Mozilla/5.0 (Unknown; Linux x86_64) AppleWebKit/538.1 (KHTML, like Gecko) PhantomJS/2.1.1 Safari/538.1","webSecurityEnabled":true}
[INFO  - 2019-02-01T09:46:57.364Z] Session [507d9ee0-2606-11e9-86ce-6bb735c26882] - page.customHeaders:  - {}
[INFO  - 2019-02-01T09:46:57.364Z] Session [507d9ee0-2606-11e9-86ce-6bb735c26882] - Session.negotiatedCapabilities - {"browserName":"phantomjs","version":"2.1.1","driverName":"ghostdriver","driverVersion":"1.2.0","platform":"linux-unknown-64bit","javascriptEnabled":true,"takesScreenshot":true,"handlesAlerts":false,"databaseEnabled":false,"locationContextEnabled":false,"applicationCacheEnabled":false,"browserConnectionEnabled":false,"cssSelectorsEnabled":true,"webStorageEnabled":false,"rotatable":false,"acceptSslCerts":false,"nativeEvents":true,"proxy":{"proxyType":"direct"}}
[INFO  - 2019-02-01T09:46:57.364Z] SessionManagerReqHand - _postNewSessionCommand - New Session Created: 507d9ee0-2606-11e9-86ce-6bb735c26882
[INFO  - 2019-02-01T09:46:59.307Z] ShutdownReqHand - _handle - About to shutdown
[INFO  - 2019-02-01T09:46:59.427Z] GhostDriver - Main - running on port 30677
[INFO  - 2019-02-01T09:46:59.523Z] Session [51c78400-2606-11e9-9236-7964df5ec03f] - page.settings - {"XSSAuditingEnabled":false,"javascriptCanCloseWindows":true,"javascriptCanOpenWindows":true,"javascriptEnabled":true,"loadImages":true,"localToRemoteUrlAccessEnabled":false,"userAgent":"Mozilla/5.0 (Unknown; Linux x86_64) AppleWebKit/538.1 (KHTML, like Gecko) PhantomJS/2.1.1 Safari/538.1","webSecurityEnabled":true}
[INFO  - 2019-02-01T09:46:59.523Z] Session [51c78400-2606-11e9-9236-7964df5ec03f] - page.customHeaders:  - {}
[INFO  - 2019-02-01T09:46:59.523Z] Session [51c78400-2606-11e9-9236-7964df5ec03f] - Session.negotiatedCapabilities - {"browserName":"phantomjs","version":"2.1.1","driverName":"ghostdriver","driverVersion":"1.2.0","platform":"linux-unknown-64bit","javascriptEnabled":true,"takesScreenshot":true,"handlesAlerts":false,"databaseEnabled":false,"locationContextEnabled":false,"applicationCacheEnabled":false,"browserConnectionEnabled":false,"cssSelectorsEnabled":true,"webStorageEnabled":false,"rotatable":false,"acceptSslCerts":false,"nativeEvents":true,"proxy":{"proxyType":"direct"}}
[INFO  - 2019-02-01T09:46:59.524Z] SessionManagerReqHand - _postNewSessionCommand - New Session Created: 51c78400-2606-11e9-9236-7964df5ec03f
[INFO  - 2019-02-01T09:47:01.225Z] ShutdownReqHand - _handle - About to shutdown
[INFO  - 2019-02-01T09:47:01.317Z] GhostDriver - Main - running on port 10912
[INFO  - 2019-02-01T09:47:01.335Z] Session [52dc0140-2606-11e9-b6ba-738fac3c5623] - page.settings - {"XSSAuditingEnabled":false,"javascriptCanCloseWindows":true,"javascriptCanOpenWindows":true,"javascriptEnabled":true,"loadImages":true,"localToRemoteUrlAccessEnabled":false,"userAgent":"Mozilla/5.0 (Unknown; Linux x86_64) AppleWebKit/538.1 (KHTML, like Gecko) PhantomJS/2.1.1 Safari/538.1","webSecurityEnabled":true}
[INFO  - 2019-02-01T09:47:01.335Z] Session [52dc0140-2606-11e9-b6ba-738fac3c5623] - page.customHeaders:  - {}
[INFO  - 2019-02-01T09:47:01.335Z] Session [52dc0140-2606-11e9-b6ba-738fac3c5623] - Session.negotiatedCapabilities - {"browserName":"phantomjs","version":"2.1.1","driverName":"ghostdriver","driverVersion":"1.2.0","platform":"linux-unknown-64bit","javascriptEnabled":true,"takesScreenshot":true,"handlesAlerts":false,"databaseEnabled":false,"locationContextEnabled":false,"applicationCacheEnabled":false,"browserConnectionEnabled":false,"cssSelectorsEnabled":true,"webStorageEnabled":false,"rotatable":false,"acceptSslCerts":false,"nativeEvents":true,"proxy":{"proxyType":"direct"}}
[INFO  - 2019-02-01T09:47:01.336Z] SessionManagerReqHand - _postNewSessionCommand - New Session Created: 52dc0140-2606-11e9-b6ba-738fac3c5623
[INFO  - 2019-02-01T09:47:03.332Z] ShutdownReqHand - _handle - About to shutdown
[INFO  - 2019-02-01T09:47:03.421Z] GhostDriver - Main - running on port 21534
[INFO  - 2019-02-01T09:47:03.439Z] Session [541d0cc0-2606-11e9-9bc1-3b73e3e2d84b] - page.settings - {"XSSAuditingEnabled":false,"javascriptCanCloseWindows":true,"javascriptCanOpenWindows":true,"javascriptEnabled":true,"loadImages":true,"localToRemoteUrlAccessEnabled":false,"userAgent":"Mozilla/5.0 (Unknown; Linux x86_64) AppleWebKit/538.1 (KHTML, like Gecko) PhantomJS/2.1.1 Safari/538.1","webSecurityEnabled":true}
[INFO  - 2019-02-01T09:47:03.439Z] Session [541d0cc0-2606-11e9-9bc1-3b73e3e2d84b] - page.customHeaders:  - {}
[INFO  - 2019-02-01T09:47:03.439Z] Session [541d0cc0-2606-11e9-9bc1-3b73e3e2d84b] - Session.negotiatedCapabilities - {"browserName":"phantomjs","version":"2.1.1","driverName":"ghostdriver","driverVersion":"1.2.0","platform":"linux-unknown-64bit","javascriptEnabled":true,"takesScreenshot":true,"handlesAlerts":false,"databaseEnabled":false,"locationContextEnabled":false,"applicationCacheEnabled":false,"browserConnectionEnabled":false,"cssSelectorsEnabled":true,"webStorageEnabled":false,"rotatable":false,"acceptSslCerts":false,"nativeEvents":true,"proxy":{"proxyType":"direct"}}
[INFO  - 2019-02-01T09:47:03.439Z] SessionManagerReqHand - _postNewSessionCommand - New Session Created: 541d0cc0-2606-11e9-9bc1-3b73e3e2d84b
[INFO  - 2019-02-01T09:47:05.287Z] ShutdownReqHand - _handle - About to shutdown
